<?xml version="1.0" encoding="UTF-8"?>
<testng-results skipped="0" failed="0" total="1" passed="1">
  <reporter-output>
  </reporter-output>
  <suite name="Suite" duration-ms="47580" started-at="2019-05-12T12:30:45Z" finished-at="2019-05-12T12:31:32Z">
    <groups>
    </groups>
    <test name="Test" duration-ms="47580" started-at="2019-05-12T12:30:45Z" finished-at="2019-05-12T12:31:32Z">
      <class name="jenkin.mavenjenkin">
        <test-method status="PASS" signature="openbrowser()[pri:0, instance:jenkin.mavenjenkin@181a1bc]" name="openbrowser" is-config="true" duration-ms="4462" started-at="2019-05-12T18:00:40Z" finished-at="2019-05-12T18:00:45Z">
          <reporter-output>
          </reporter-output>
        </test-method> <!-- openbrowser -->
        <test-method status="PASS" signature="loadurl()[pri:0, instance:jenkin.mavenjenkin@181a1bc]" name="loadurl" duration-ms="47556" started-at="2019-05-12T18:00:45Z" finished-at="2019-05-12T18:01:32Z">
          <reporter-output>
          </reporter-output>
        </test-method> <!-- loadurl -->
        <test-method status="PASS" signature="teardown()[pri:0, instance:jenkin.mavenjenkin@181a1bc]" name="teardown" is-config="true" duration-ms="139" started-at="2019-05-12T18:01:32Z" finished-at="2019-05-12T18:01:32Z">
          <reporter-output>
          </reporter-output>
        </test-method> <!-- teardown -->
      </class> <!-- jenkin.mavenjenkin -->
    </test> <!-- Test -->
  </suite> <!-- Suite -->
</testng-results>
